g:\sumodx-master\debug\sumodx.pch
g:\sumodx-master\debug\vc120.pdb
g:\sumodx-master\debug\vc120.idb
g:\sumodx-master\debug\pch.obj
g:\sumodx-master\debug\bossblock.obj
g:\sumodx-master\debug\gameobject.obj
g:\sumodx-master\debug\bossmesh.obj
g:\sumodx-master\debug\bulletmesh.obj
g:\sumodx-master\debug\directxbase.obj
g:\sumodx-master\debug\sumodx.obj
g:\sumodx-master\debug\persistentstate.obj
g:\sumodx-master\debug\directxapp.obj
g:\sumodx-master\debug\cylindermesh.obj
g:\sumodx-master\debug\gamehud.obj
g:\sumodx-master\debug\basicreaderwriter.obj
g:\sumodx-master\debug\aisumoblock.obj
g:\sumodx-master\debug\camera.obj
g:\sumodx-master\debug\sumoblock.obj
g:\sumodx-master\debug\meshobject.obj
g:\sumodx-master\debug\sumomesh.obj
g:\sumodx-master\debug\gamerenderer.obj
g:\sumodx-master\debug\ddstextureloader.obj
g:\sumodx-master\debug\gametimer.obj
g:\sumodx-master\debug\bullet.obj
g:\sumodx-master\debug\cylinder.obj
g:\sumodx-master\debug\movelookcontroller.obj
g:\sumodx-master\debug\gameinfooverlay.obj
g:\sumodx-master\debug\material.obj
g:\sumodx-master\debug\basicloader.obj
g:\sumodx-master\debug\sumodx\pixelshader.cso
g:\sumodx-master\debug\sumodx\pixelshaderflat.cso
g:\sumodx-master\debug\sumodx\vertexshader.cso
g:\sumodx-master\debug\sumodx\vertexshaderflat.cso
g:\sumodx-master\debug\sumodx\sumodx.ilk
g:\sumodx-master\debug\sumodx\sumodx.exe
g:\sumodx-master\debug\sumodx\sumodx.pdb
g:\sumodx-master\debug\sumodx.vcxprojresolveassemblyreference.cache
g:\sumodx-master\debug\priconfig.xml
g:\sumodx-master\debug\priconfig.xml.intermediate
g:\sumodx-master\debug\layout.resfiles
g:\sumodx-master\debug\layout.resfiles.intermediate
g:\sumodx-master\debug\resources.resfiles
g:\sumodx-master\debug\resources.resfiles.intermediate
g:\sumodx-master\debug\pri.resfiles
g:\sumodx-master\debug\pri.resfiles.intermediate
g:\sumodx-master\debug\sumodx\resources.pri
g:\sumodx-master\debug\qualifiers.txt
g:\sumodx-master\debug\qualifiers.txt.intermediate
g:\sumodx-master\debug\multiplequalifiersperdimensionfound.txt
g:\sumodx-master\debug\projectarchitectures.txt
g:\sumodx-master\debug\sumodx\appxmanifest.xml
g:\sumodx-master\debug\sumodx\sumodx.build.appxrecipe
g:\sumodx-master\debug\sumodx.tlog\cl.command.1.tlog
g:\sumodx-master\debug\sumodx.tlog\cl.read.1.tlog
g:\sumodx-master\debug\sumodx.tlog\cl.write.1.tlog
g:\sumodx-master\debug\sumodx.tlog\fxc.command.1.tlog
g:\sumodx-master\debug\sumodx.tlog\fxc.read.1.tlog
g:\sumodx-master\debug\sumodx.tlog\fxc.write.1.tlog
g:\sumodx-master\debug\sumodx.tlog\link.command.1.tlog
g:\sumodx-master\debug\sumodx.tlog\link.read.1.tlog
g:\sumodx-master\debug\sumodx.tlog\link.write.1.tlog
g:\sumodx-master\debug\sumodx.tlog\sumodx.read.1u.tlog
g:\sumodx-master\debug\sumodx.tlog\sumodx.write.1u.tlog
